# JRE version: Java(TM) SE Runtime Environment (8.0_121-b13) (build 1.8.0_121-b13)
# Java VM: Java HotSpot(TM) 64-Bit Server VM (25.121-b13 mixed mode windows-amd64 compressed oops)
Heap:
 PSYoungGen      total 287232K, used 222899K [0x00000000d5b80000, 0x00000000ef400000, 0x0000000100000000)
  eden space 247296K, 90% used [0x00000000d5b80000,0x00000000e352cdf8,0x00000000e4d00000)
  from space 39936K, 0% used [0x00000000e4d00000,0x00000000e4d00000,0x00000000e7400000)
  to   space 38400K, 0% used [0x00000000ece80000,0x00000000ece80000,0x00000000ef400000)
 ParOldGen       total 118272K, used 38954K [0x0000000081200000, 0x0000000088580000, 0x00000000d5b80000)
  object space 118272K, 32% used [0x0000000081200000,0x000000008380ab80,0x0000000088580000)
 Metaspace       used 42567K, capacity 43306K, committed 43864K, reserved 1087488K
  class space    used 5019K, capacity 5237K, committed 5248K, reserved 1048576K
GC Heap History (10 events):
Event: 7.642 GC heap before
{Heap before GC invocations=9 (full 1):
 PSYoungGen      total 143872K, used 143844K [0x00000000d5b80000, 0x00000000e3a80000, 0x0000000100000000)
  eden space 132608K, 100% used [0x00000000d5b80000,0x00000000ddd00000,0x00000000ddd00000)
  from space 11264K, 99% used [0x00000000ddd00000,0x00000000de7f9088,0x00000000de800000)
  to   space 16384K, 0% used [0x00000000e2a80000,0x00000000e2a80000,0x00000000e3a80000)
 ParOldGen       total 70656K, used 22904K [0x0000000081200000, 0x0000000085700000, 0x00000000d5b80000)
  object space 70656K, 32% used [0x0000000081200000,0x000000008285e048,0x0000000085700000)
 Metaspace       used 24311K, capacity 24876K, committed 25088K, reserved 1071104K
  class space    used 2805K, capacity 2967K, committed 3072K, reserved 1048576K
Event: 7.678 GC heap after
Heap after GC invocations=9 (full 1):
 PSYoungGen      total 205312K, used 16382K [0x00000000d5b80000, 0x00000000e5400000, 0x0000000100000000)
  eden space 188928K, 0% used [0x00000000d5b80000,0x00000000d5b80000,0x00000000e1400000)
  from space 16384K, 99% used [0x00000000e2a80000,0x00000000e3a7fbd8,0x00000000e3a80000)
  to   space 23040K, 0% used [0x00000000e1400000,0x00000000e1400000,0x00000000e2a80000)
 ParOldGen       total 70656K, used 33080K [0x0000000081200000, 0x0000000085700000, 0x00000000d5b80000)
  object space 70656K, 46% used [0x0000000081200000,0x000000008324e3e8,0x0000000085700000)
 Metaspace       used 24311K, capacity 24876K, committed 25088K, reserved 1071104K
  class space    used 2805K, capacity 2967K, committed 3072K, reserved 1048576K
}
Event: 8.747 GC heap before
{Heap before GC invocations=10 (full 1):
 PSYoungGen      total 205312K, used 205310K [0x00000000d5b80000, 0x00000000e5400000, 0x0000000100000000)
  eden space 188928K, 100% used [0x00000000d5b80000,0x00000000e1400000,0x00000000e1400000)
  from space 16384K, 99% used [0x00000000e2a80000,0x00000000e3a7fbd8,0x00000000e3a80000)
  to   space 23040K, 0% used [0x00000000e1400000,0x00000000e1400000,0x00000000e2a80000)
 ParOldGen       total 70656K, used 33080K [0x0000000081200000, 0x0000000085700000, 0x00000000d5b80000)
  object space 70656K, 46% used [0x0000000081200000,0x000000008324e3e8,0x0000000085700000)
 Metaspace       used 24330K, capacity 24890K, committed 25088K, reserved 1071104K
  class space    used 2808K, capacity 2969K, committed 3072K, reserved 1048576K
Event: 8.780 GC heap after
Heap after GC invocations=10 (full 1):
 PSYoungGen      total 211968K, used 23020K [0x00000000d5b80000, 0x00000000e9300000, 0x0000000100000000)
  eden space 188928K, 0% used [0x00000000d5b80000,0x00000000d5b80000,0x00000000e1400000)
  from space 23040K, 99% used [0x00000000e1400000,0x00000000e2a7b2d0,0x00000000e2a80000)
  to   space 31744K, 0% used [0x00000000e7400000,0x00000000e7400000,0x00000000e9300000)
 ParOldGen       total 70656K, used 46198K [0x0000000081200000, 0x0000000085700000, 0x00000000d5b80000)
  object space 70656K, 65% used [0x0000000081200000,0x0000000083f1d9d8,0x0000000085700000)
 Metaspace       used 24330K, capacity 24890K, committed 25088K, reserved 1071104K
  class space    used 2808K, capacity 2969K, committed 3072K, reserved 1048576K
}
Event: 10.106 GC heap before
{Heap before GC invocations=11 (full 1):
 PSYoungGen      total 211968K, used 211948K [0x00000000d5b80000, 0x00000000e9300000, 0x0000000100000000)
  eden space 188928K, 100% used [0x00000000d5b80000,0x00000000e1400000,0x00000000e1400000)
  from space 23040K, 99% used [0x00000000e1400000,0x00000000e2a7b2d0,0x00000000e2a80000)
  to   space 31744K, 0% used [0x00000000e7400000,0x00000000e7400000,0x00000000e9300000)
 ParOldGen       total 70656K, used 46198K [0x0000000081200000, 0x0000000085700000, 0x00000000d5b80000)
  object space 70656K, 65% used [0x0000000081200000,0x0000000083f1d9d8,0x0000000085700000)
 Metaspace       used 24333K, capacity 24890K, committed 25088K, reserved 1071104K
  class space    used 2808K, capacity 2969K, committed 3072K, reserved 1048576K
Event: 10.217 GC heap after
Heap after GC invocations=11 (full 1):
 PSYoungGen      total 279040K, used 31713K [0x00000000d5b80000, 0x00000000ead00000, 0x0000000100000000)
  eden space 247296K, 0% used [0x00000000d5b80000,0x00000000d5b80000,0x00000000e4d00000)
  from space 31744K, 99% used [0x00000000e7400000,0x00000000e92f8650,0x00000000e9300000)
  to   space 39936K, 0% used [0x00000000e4d00000,0x00000000e4d00000,0x00000000e7400000)
 ParOldGen       total 70656K, used 54986K [0x0000000081200000, 0x0000000085700000, 0x00000000d5b80000)
  object space 70656K, 77% used [0x0000000081200000,0x00000000847b2b30,0x0000000085700000)
 Metaspace       used 24333K, capacity 24890K, committed 25088K, reserved 1071104K
  class space    used 2808K, capacity 2969K, committed 3072K, reserved 1048576K
}
Event: 11.544 GC heap before
{Heap before GC invocations=12 (full 1):
 PSYoungGen      total 279040K, used 186168K [0x00000000d5b80000, 0x00000000ead00000, 0x0000000100000000)
  eden space 247296K, 62% used [0x00000000d5b80000,0x00000000df255cf8,0x00000000e4d00000)
  from space 31744K, 99% used [0x00000000e7400000,0x00000000e92f8650,0x00000000e9300000)
  to   space 39936K, 0% used [0x00000000e4d00000,0x00000000e4d00000,0x00000000e7400000)
 ParOldGen       total 70656K, used 54986K [0x0000000081200000, 0x0000000085700000, 0x00000000d5b80000)
  object space 70656K, 77% used [0x0000000081200000,0x00000000847b2b30,0x0000000085700000)
 Metaspace       used 34507K, capacity 35178K, committed 35416K, reserved 1081344K
  class space    used 4017K, capacity 4201K, committed 4224K, reserved 1048576K
Event: 11.564 GC heap after
Heap after GC invocations=12 (full 1):
 PSYoungGen      total 287232K, used 18548K [0x00000000d5b80000, 0x00000000ef400000, 0x0000000100000000)
  eden space 247296K, 0% used [0x00000000d5b80000,0x00000000d5b80000,0x00000000e4d00000)
  from space 39936K, 46% used [0x00000000e4d00000,0x00000000e5f1d300,0x00000000e7400000)
  to   space 38400K, 0% used [0x00000000ece80000,0x00000000ece80000,0x00000000ef400000)
 ParOldGen       total 70656K, used 59786K [0x0000000081200000, 0x0000000085700000, 0x00000000d5b80000)
  object space 70656K, 84% used [0x0000000081200000,0x0000000084c629f8,0x0000000085700000)
 Metaspace       used 34507K, capacity 35178K, committed 35416K, reserved 1081344K
  class space    used 4017K, capacity 4201K, committed 4224K, reserved 1048576K
}
Event: 11.564 GC heap before
{Heap before GC invocations=13 (full 2):
 PSYoungGen      total 287232K, used 18548K [0x00000000d5b80000, 0x00000000ef400000, 0x0000000100000000)
  eden space 247296K, 0% used [0x00000000d5b80000,0x00000000d5b80000,0x00000000e4d00000)
  from space 39936K, 46% used [0x00000000e4d00000,0x00000000e5f1d300,0x00000000e7400000)
  to   space 38400K, 0% used [0x00000000ece80000,0x00000000ece80000,0x00000000ef400000)
 ParOldGen       total 70656K, used 59786K [0x0000000081200000, 0x0000000085700000, 0x00000000d5b80000)
  object space 70656K, 84% used [0x0000000081200000,0x0000000084c629f8,0x0000000085700000)
 Metaspace       used 34507K, capacity 35178K, committed 35416K, reserved 1081344K
  class space    used 4017K, capacity 4201K, committed 4224K, reserved 1048576K
Event: 11.639 GC heap after
Heap after GC invocations=13 (full 2):
 PSYoungGen      total 287232K, used 0K [0x00000000d5b80000, 0x00000000ef400000, 0x0000000100000000)
  eden space 247296K, 0% used [0x00000000d5b80000,0x00000000d5b80000,0x00000000e4d00000)
  from space 39936K, 0% used [0x00000000e4d00000,0x00000000e4d00000,0x00000000e7400000)
  to   space 38400K, 0% used [0x00000000ece80000,0x00000000ece80000,0x00000000ef400000)
 ParOldGen       total 118272K, used 38954K [0x0000000081200000, 0x0000000088580000, 0x00000000d5b80000)
  object space 118272K, 32% used [0x0000000081200000,0x000000008380ab80,0x0000000088580000)
 Metaspace       used 34507K, capacity 35178K, committed 35416K, reserved 1081344K
  class space    used 4017K, capacity 4201K, committed 4224K, reserved 1048576K
}

